# JRE version: OpenJDK Runtime Environment Temurin-21.0.9+10 (21.0.9+10) (build 21.0.9+10-LTS)
# Java VM: OpenJDK 64-Bit Server VM Temurin-21.0.9+10 (21.0.9+10-LTS, mixed mode, sharing, tiered, compressed oops, compressed class ptrs, parallel gc, windows-amd64)
GC Precious Log:
 CardTable entry size: 512
 CPUs: 12 total, 12 available
 Memory: 7365M
 Large Page Support: Disabled
 NUMA Support: Disabled
 Compressed Oops: Enabled (32-bit)
 Alignments: Space 512K, Generation 512K, Heap 2M
 Heap Min Capacity: 100M
 Heap Initial Capacity: 100M
 Heap Max Capacity: 2G
 Pre-touch: Disabled
 Parallel Workers: 10
Heap:
 PSYoungGen      total 13312K, used 8363K [0x00000000d5580000, 0x00000000d6380000, 0x0000000100000000)
  eden space 12288K, 61% used [0x00000000d5580000,0x00000000d5ce2c30,0x00000000d6180000)
  from space 1024K, 78% used [0x00000000d6180000,0x00000000d6248000,0x00000000d6280000)
  to   space 1024K, 0% used [0x00000000d6280000,0x00000000d6280000,0x00000000d6380000)
 ParOldGen       total 95232K, used 63611K [0x0000000080000000, 0x0000000085d00000, 0x00000000d5580000)
  object space 95232K, 66% used [0x0000000080000000,0x0000000083e1ee60,0x0000000085d00000)
 Metaspace       used 60099K, committed 61504K, reserved 1114112K
  class space    used 6366K, committed 6976K, reserved 1048576K
GC Heap History (20 events):
Event: 27.112 GC heap before
{Heap before GC invocations=79 (full 2):
 PSYoungGen      total 13312K, used 13312K [0x00000000d5580000, 0x00000000d6500000, 0x0000000100000000)
  eden space 12288K, 100% used [0x00000000d5580000,0x00000000d6180000,0x00000000d6180000)
  from space 1024K, 100% used [0x00000000d6300000,0x00000000d6400000,0x00000000d6400000)
  to   space 1536K, 0% used [0x00000000d6180000,0x00000000d6180000,0x00000000d6300000)
 ParOldGen       total 92160K, used 92101K [0x0000000080000000, 0x0000000085a00000, 0x00000000d5580000)
  object space 92160K, 99% used [0x0000000080000000,0x00000000859f1440,0x0000000085a00000)
 Metaspace       used 55707K, committed 57152K, reserved 1114112K
  class space    used 5954K, committed 6592K, reserved 1048576K
}
Event: 27.114 GC heap after
{Heap after GC invocations=79 (full 2):
 PSYoungGen      total 12800K, used 416K [0x00000000d5580000, 0x00000000d6380000, 0x0000000100000000)
  eden space 12288K, 0% used [0x00000000d5580000,0x00000000d5580000,0x00000000d6180000)
  from space 512K, 81% used [0x00000000d6180000,0x00000000d61e8010,0x00000000d6200000)
  to   space 1024K, 0% used [0x00000000d6280000,0x00000000d6280000,0x00000000d6380000)
 ParOldGen       total 93184K, used 92699K [0x0000000080000000, 0x0000000085b00000, 0x00000000d5580000)
  object space 93184K, 99% used [0x0000000080000000,0x0000000085a86ed8,0x0000000085b00000)
 Metaspace       used 55707K, committed 57152K, reserved 1114112K
  class space    used 5954K, committed 6592K, reserved 1048576K
}
Event: 27.361 GC heap before
{Heap before GC invocations=80 (full 2):
 PSYoungGen      total 12800K, used 12695K [0x00000000d5580000, 0x00000000d6380000, 0x0000000100000000)
  eden space 12288K, 99% used [0x00000000d5580000,0x00000000d617de38,0x00000000d6180000)
  from space 512K, 81% used [0x00000000d6180000,0x00000000d61e8010,0x00000000d6200000)
  to   space 1024K, 0% used [0x00000000d6280000,0x00000000d6280000,0x00000000d6380000)
 ParOldGen       total 93184K, used 92699K [0x0000000080000000, 0x0000000085b00000, 0x00000000d5580000)
  object space 93184K, 99% used [0x0000000080000000,0x0000000085a86ed8,0x0000000085b00000)
 Metaspace       used 55955K, committed 57344K, reserved 1114112K
  class space    used 5982K, committed 6592K, reserved 1048576K
}
Event: 27.362 GC heap after
{Heap after GC invocations=80 (full 2):
 PSYoungGen      total 13312K, used 512K [0x00000000d5580000, 0x00000000d6380000, 0x0000000100000000)
  eden space 12288K, 0% used [0x00000000d5580000,0x00000000d5580000,0x00000000d6180000)
  from space 1024K, 50% used [0x00000000d6280000,0x00000000d6300000,0x00000000d6380000)
  to   space 1024K, 0% used [0x00000000d6180000,0x00000000d6180000,0x00000000d6280000)
 ParOldGen       total 93184K, used 92923K [0x0000000080000000, 0x0000000085b00000, 0x00000000d5580000)
  object space 93184K, 99% used [0x0000000080000000,0x0000000085abeed8,0x0000000085b00000)
 Metaspace       used 55955K, committed 57344K, reserved 1114112K
  class space    used 5982K, committed 6592K, reserved 1048576K
}
Event: 27.661 GC heap before
{Heap before GC invocations=81 (full 2):
 PSYoungGen      total 13312K, used 12800K [0x00000000d5580000, 0x00000000d6380000, 0x0000000100000000)
  eden space 12288K, 100% used [0x00000000d5580000,0x00000000d6180000,0x00000000d6180000)
  from space 1024K, 50% used [0x00000000d6280000,0x00000000d6300000,0x00000000d6380000)
  to   space 1024K, 0% used [0x00000000d6180000,0x00000000d6180000,0x00000000d6280000)
 ParOldGen       total 93184K, used 92923K [0x0000000080000000, 0x0000000085b00000, 0x00000000d5580000)
  object space 93184K, 99% used [0x0000000080000000,0x0000000085abeed8,0x0000000085b00000)
 Metaspace       used 56319K, committed 57728K, reserved 1114112K
  class space    used 6014K, committed 6656K, reserved 1048576K
}
Event: 27.663 GC heap after
{Heap after GC invocations=81 (full 2):
 PSYoungGen      total 13312K, used 718K [0x00000000d5580000, 0x00000000d6380000, 0x0000000100000000)
  eden space 12288K, 0% used [0x00000000d5580000,0x00000000d5580000,0x00000000d6180000)
  from space 1024K, 70% used [0x00000000d6180000,0x00000000d6233a50,0x00000000d6280000)
  to   space 1024K, 0% used [0x00000000d6280000,0x00000000d6280000,0x00000000d6380000)
 ParOldGen       total 93696K, used 93279K [0x0000000080000000, 0x0000000085b80000, 0x00000000d5580000)
  object space 93696K, 99% used [0x0000000080000000,0x0000000085b17ee8,0x0000000085b80000)
 Metaspace       used 56319K, committed 57728K, reserved 1114112K
  class space    used 6014K, committed 6656K, reserved 1048576K
}
Event: 27.999 GC heap before
{Heap before GC invocations=82 (full 2):
 PSYoungGen      total 13312K, used 12973K [0x00000000d5580000, 0x00000000d6380000, 0x0000000100000000)
  eden space 12288K, 99% used [0x00000000d5580000,0x00000000d6177b28,0x00000000d6180000)
  from space 1024K, 70% used [0x00000000d6180000,0x00000000d6233a50,0x00000000d6280000)
  to   space 1024K, 0% used [0x00000000d6280000,0x00000000d6280000,0x00000000d6380000)
 ParOldGen       total 93696K, used 93279K [0x0000000080000000, 0x0000000085b80000, 0x00000000d5580000)
  object space 93696K, 99% used [0x0000000080000000,0x0000000085b17ee8,0x0000000085b80000)
 Metaspace       used 56869K, committed 58304K, reserved 1114112K
  class space    used 6067K, committed 6720K, reserved 1048576K
}
Event: 28.000 GC heap after
{Heap after GC invocations=82 (full 2):
 PSYoungGen      total 13312K, used 564K [0x00000000d5580000, 0x00000000d6380000, 0x0000000100000000)
  eden space 12288K, 0% used [0x00000000d5580000,0x00000000d5580000,0x00000000d6180000)
  from space 1024K, 55% used [0x00000000d6280000,0x00000000d630d170,0x00000000d6380000)
  to   space 1024K, 0% used [0x00000000d6180000,0x00000000d6180000,0x00000000d6280000)
 ParOldGen       total 93696K, used 93391K [0x0000000080000000, 0x0000000085b80000, 0x00000000d5580000)
  object space 93696K, 99% used [0x0000000080000000,0x0000000085b33ee8,0x0000000085b80000)
 Metaspace       used 56869K, committed 58304K, reserved 1114112K
  class space    used 6067K, committed 6720K, reserved 1048576K
}
Event: 28.151 GC heap before
{Heap before GC invocations=83 (full 2):
 PSYoungGen      total 13312K, used 12773K [0x00000000d5580000, 0x00000000d6380000, 0x0000000100000000)
  eden space 12288K, 99% used [0x00000000d5580000,0x00000000d616c610,0x00000000d6180000)
  from space 1024K, 55% used [0x00000000d6280000,0x00000000d630d170,0x00000000d6380000)
  to   space 1024K, 0% used [0x00000000d6180000,0x00000000d6180000,0x00000000d6280000)
 ParOldGen       total 93696K, used 93391K [0x0000000080000000, 0x0000000085b80000, 0x00000000d5580000)
  object space 93696K, 99% used [0x0000000080000000,0x0000000085b33ee8,0x0000000085b80000)
 Metaspace       used 57428K, committed 58816K, reserved 1114112K
  class space    used 6107K, committed 6720K, reserved 1048576K
}
Event: 28.152 GC heap after
{Heap after GC invocations=83 (full 2):
 PSYoungGen      total 13312K, used 1020K [0x00000000d5580000, 0x00000000d6480000, 0x0000000100000000)
  eden space 12288K, 0% used [0x00000000d5580000,0x00000000d5580000,0x00000000d6180000)
  from space 1024K, 99% used [0x00000000d6180000,0x00000000d627f228,0x00000000d6280000)
  to   space 1536K, 0% used [0x00000000d6300000,0x00000000d6300000,0x00000000d6480000)
 ParOldGen       total 93696K, used 93570K [0x0000000080000000, 0x0000000085b80000, 0x00000000d5580000)
  object space 93696K, 99% used [0x0000000080000000,0x0000000085b60b48,0x0000000085b80000)
 Metaspace       used 57428K, committed 58816K, reserved 1114112K
  class space    used 6107K, committed 6720K, reserved 1048576K
}
Event: 28.236 GC heap before
{Heap before GC invocations=84 (full 2):
 PSYoungGen      total 13312K, used 13280K [0x00000000d5580000, 0x00000000d6480000, 0x0000000100000000)
  eden space 12288K, 99% used [0x00000000d5580000,0x00000000d6179048,0x00000000d6180000)
  from space 1024K, 99% used [0x00000000d6180000,0x00000000d627f228,0x00000000d6280000)
  to   space 1536K, 0% used [0x00000000d6300000,0x00000000d6300000,0x00000000d6480000)
 ParOldGen       total 93696K, used 93570K [0x0000000080000000, 0x0000000085b80000, 0x00000000d5580000)
  object space 93696K, 99% used [0x0000000080000000,0x0000000085b60b48,0x0000000085b80000)
 Metaspace       used 57440K, committed 58816K, reserved 1114112K
  class space    used 6107K, committed 6720K, reserved 1048576K
}
Event: 28.238 GC heap after
{Heap after GC invocations=84 (full 2):
 PSYoungGen      total 13312K, used 643K [0x00000000d5580000, 0x00000000d6400000, 0x0000000100000000)
  eden space 12288K, 0% used [0x00000000d5580000,0x00000000d5580000,0x00000000d6180000)
  from space 1024K, 62% used [0x00000000d6300000,0x00000000d63a0d40,0x00000000d6400000)
  to   space 1024K, 0% used [0x00000000d6180000,0x00000000d6180000,0x00000000d6280000)
 ParOldGen       total 94720K, used 94486K [0x0000000080000000, 0x0000000085c80000, 0x00000000d5580000)
  object space 94720K, 99% used [0x0000000080000000,0x0000000085c45928,0x0000000085c80000)
 Metaspace       used 57440K, committed 58816K, reserved 1114112K
  class space    used 6107K, committed 6720K, reserved 1048576K
}
Event: 28.271 GC heap before
{Heap before GC invocations=85 (full 2):
 PSYoungGen      total 13312K, used 12931K [0x00000000d5580000, 0x00000000d6400000, 0x0000000100000000)
  eden space 12288K, 100% used [0x00000000d5580000,0x00000000d6180000,0x00000000d6180000)
  from space 1024K, 62% used [0x00000000d6300000,0x00000000d63a0d40,0x00000000d6400000)
  to   space 1024K, 0% used [0x00000000d6180000,0x00000000d6180000,0x00000000d6280000)
 ParOldGen       total 94720K, used 94486K [0x0000000080000000, 0x0000000085c80000, 0x00000000d5580000)
  object space 94720K, 99% used [0x0000000080000000,0x0000000085c45928,0x0000000085c80000)
 Metaspace       used 57442K, committed 58816K, reserved 1114112K
  class space    used 6107K, committed 6720K, reserved 1048576K
}
Event: 28.273 GC heap after
{Heap after GC invocations=85 (full 2):
 PSYoungGen      total 13312K, used 998K [0x00000000d5580000, 0x00000000d6480000, 0x0000000100000000)
  eden space 12288K, 0% used [0x00000000d5580000,0x00000000d5580000,0x00000000d6180000)
  from space 1024K, 97% used [0x00000000d6180000,0x00000000d6279b30,0x00000000d6280000)
  to   space 1536K, 0% used [0x00000000d6300000,0x00000000d6300000,0x00000000d6480000)
 ParOldGen       total 95232K, used 94774K [0x0000000080000000, 0x0000000085d00000, 0x00000000d5580000)
  object space 95232K, 99% used [0x0000000080000000,0x0000000085c8d928,0x0000000085d00000)
 Metaspace       used 57442K, committed 58816K, reserved 1114112K
  class space    used 6107K, committed 6720K, reserved 1048576K
}
Event: 28.375 GC heap before
{Heap before GC invocations=86 (full 2):
 PSYoungGen      total 13312K, used 9020K [0x00000000d5580000, 0x00000000d6480000, 0x0000000100000000)
  eden space 12288K, 65% used [0x00000000d5580000,0x00000000d5d558c0,0x00000000d6180000)
  from space 1024K, 97% used [0x00000000d6180000,0x00000000d6279b30,0x00000000d6280000)
  to   space 1536K, 0% used [0x00000000d6300000,0x00000000d6300000,0x00000000d6480000)
 ParOldGen       total 95232K, used 94774K [0x0000000080000000, 0x0000000085d00000, 0x00000000d5580000)
  object space 95232K, 99% used [0x0000000080000000,0x0000000085c8d928,0x0000000085d00000)
 Metaspace       used 58406K, committed 59776K, reserved 1114112K
  class space    used 6199K, committed 6848K, reserved 1048576K
}
Event: 28.377 GC heap after
{Heap after GC invocations=86 (full 2):
 PSYoungGen      total 12800K, used 224K [0x00000000d5580000, 0x00000000d6380000, 0x0000000100000000)
  eden space 12288K, 0% used [0x00000000d5580000,0x00000000d5580000,0x00000000d6180000)
  from space 512K, 43% used [0x00000000d6300000,0x00000000d6338000,0x00000000d6380000)
  to   space 1024K, 0% used [0x00000000d6180000,0x00000000d6180000,0x00000000d6280000)
 ParOldGen       total 95232K, used 94926K [0x0000000080000000, 0x0000000085d00000, 0x00000000d5580000)
  object space 95232K, 99% used [0x0000000080000000,0x0000000085cb3928,0x0000000085d00000)
 Metaspace       used 58406K, committed 59776K, reserved 1114112K
  class space    used 6199K, committed 6848K, reserved 1048576K
}
Event: 28.377 GC heap before
{Heap before GC invocations=87 (full 3):
 PSYoungGen      total 12800K, used 224K [0x00000000d5580000, 0x00000000d6380000, 0x0000000100000000)
  eden space 12288K, 0% used [0x00000000d5580000,0x00000000d5580000,0x00000000d6180000)
  from space 512K, 43% used [0x00000000d6300000,0x00000000d6338000,0x00000000d6380000)
  to   space 1024K, 0% used [0x00000000d6180000,0x00000000d6180000,0x00000000d6280000)
 ParOldGen       total 95232K, used 94926K [0x0000000080000000, 0x0000000085d00000, 0x00000000d5580000)
  object space 95232K, 99% used [0x0000000080000000,0x0000000085cb3928,0x0000000085d00000)
 Metaspace       used 58406K, committed 59776K, reserved 1114112K
  class space    used 6199K, committed 6848K, reserved 1048576K
}
Event: 28.532 GC heap after
{Heap after GC invocations=87 (full 3):
 PSYoungGen      total 12800K, used 0K [0x00000000d5580000, 0x00000000d6380000, 0x0000000100000000)
  eden space 12288K, 0% used [0x00000000d5580000,0x00000000d5580000,0x00000000d6180000)
  from space 512K, 0% used [0x00000000d6300000,0x00000000d6300000,0x00000000d6380000)
  to   space 1024K, 0% used [0x00000000d6180000,0x00000000d6180000,0x00000000d6280000)
 ParOldGen       total 95232K, used 63603K [0x0000000080000000, 0x0000000085d00000, 0x00000000d5580000)
  object space 95232K, 66% used [0x0000000080000000,0x0000000083e1ce60,0x0000000085d00000)
 Metaspace       used 58399K, committed 59776K, reserved 1114112K
  class space    used 6197K, committed 6848K, reserved 1048576K
}
Event: 29.186 GC heap before
{Heap before GC invocations=88 (full 3):
 PSYoungGen      total 12800K, used 12288K [0x00000000d5580000, 0x00000000d6380000, 0x0000000100000000)
  eden space 12288K, 100% used [0x00000000d5580000,0x00000000d6180000,0x00000000d6180000)
  from space 512K, 0% used [0x00000000d6300000,0x00000000d6300000,0x00000000d6380000)
  to   space 1024K, 0% used [0x00000000d6180000,0x00000000d6180000,0x00000000d6280000)
 ParOldGen       total 95232K, used 63603K [0x0000000080000000, 0x0000000085d00000, 0x00000000d5580000)
  object space 95232K, 66% used [0x0000000080000000,0x0000000083e1ce60,0x0000000085d00000)
 Metaspace       used 59705K, committed 61120K, reserved 1114112K
  class space    used 6350K, committed 6976K, reserved 1048576K
}
Event: 29.188 GC heap after
{Heap after GC invocations=88 (full 3):
 PSYoungGen      total 13312K, used 800K [0x00000000d5580000, 0x00000000d6380000, 0x0000000100000000)
  eden space 12288K, 0% used [0x00000000d5580000,0x00000000d5580000,0x00000000d6180000)
  from space 1024K, 78% used [0x00000000d6180000,0x00000000d6248000,0x00000000d6280000)
  to   space 1024K, 0% used [0x00000000d6280000,0x00000000d6280000,0x00000000d6380000)
 ParOldGen       total 95232K, used 63611K [0x0000000080000000, 0x0000000085d00000, 0x00000000d5580000)
  object space 95232K, 66% used [0x0000000080000000,0x0000000083e1ee60,0x0000000085d00000)
 Metaspace       used 59705K, committed 61120K, reserved 1114112K
  class space    used 6350K, committed 6976K, reserved 1048576K
}

